[debug] [2021-03-01T15:23:54.162Z] ----------------------------------------------------------------------
[debug] [2021-03-01T15:23:54.168Z] Command:       /data/data/com.termux/files/usr/bin/node /data/data/com.termux/files/usr/bin/firebase deploy
[debug] [2021-03-01T15:23:54.169Z] CLI Version:   9.3.0
[debug] [2021-03-01T15:23:54.170Z] Platform:      android
[debug] [2021-03-01T15:23:54.170Z] Node Version:  v14.15.4
[debug] [2021-03-01T15:23:54.171Z] Time:          Mon Mar 01 2021 20:53:54 GMT+0530 (India Standard Time)
[debug] [2021-03-01T15:23:54.172Z] ----------------------------------------------------------------------
[debug] [2021-03-01T15:23:54.172Z] 
[debug] [2021-03-01T15:23:54.191Z] > command requires scopes: ["email","openid","https://www.googleapis.com/auth/cloudplatformprojects.readonly","https://www.googleapis.com/auth/firebase","https://www.googleapis.com/auth/cloud-platform"]
[debug] [2021-03-01T15:23:54.192Z] > authorizing via signed-in user
[debug] [2021-03-01T15:23:54.193Z] [iam] checking project tinder-clone-8e51c for permissions ["firebase.projects.get","firebasehosting.sites.update"]
[debug] [2021-03-01T15:23:54.200Z] > refreshing access token with scopes: ["email","https://www.googleapis.com/auth/cloud-platform","https://www.googleapis.com/auth/cloudplatformprojects.readonly","https://www.googleapis.com/auth/firebase","openid"]
[debug] [2021-03-01T15:23:54.201Z] >>> HTTP REQUEST POST https://www.googleapis.com/oauth2/v3/token  
 <request body omitted>
[debug] [2021-03-01T15:24:02.159Z] <<< HTTP RESPONSE 200 {"expires":"Mon, 01 Jan 1990 00:00:00 GMT","pragma":"no-cache","date":"Mon, 01 Mar 2021 15:24:02 GMT","cache-control":"no-cache, no-store, max-age=0, must-revalidate","content-type":"application/json; charset=utf-8","vary":"X-Origin, Referer, Origin,Accept-Encoding","server":"scaffolding on HTTPServer2","x-xss-protection":"0","x-frame-options":"SAMEORIGIN","x-content-type-options":"nosniff","alt-svc":"h3-29=\":443\"; ma=2592000,h3-T051=\":443\"; ma=2592000,h3-Q050=\":443\"; ma=2592000,h3-Q046=\":443\"; ma=2592000,h3-Q043=\":443\"; ma=2592000,quic=\":443\"; ma=2592000; v=\"46,43\"","accept-ranges":"none","transfer-encoding":"chunked"}
[debug] [2021-03-01T15:24:02.180Z] >>> HTTP REQUEST POST https://cloudresourcemanager.googleapis.com/v1/projects/tinder-clone-8e51c:testIamPermissions  
 {"permissions":["firebase.projects.get","firebasehosting.sites.update"]}
[debug] [2021-03-01T15:24:28.772Z] <<< HTTP RESPONSE 200 {"content-type":"application/json; charset=UTF-8","vary":"X-Origin, Referer, Origin,Accept-Encoding","date":"Mon, 01 Mar 2021 15:24:27 GMT","server":"ESF","cache-control":"private","x-xss-protection":"0","x-frame-options":"SAMEORIGIN","x-content-type-options":"nosniff","server-timing":"gfet4t7; dur=1485","alt-svc":"h3-29=\":443\"; ma=2592000,h3-T051=\":443\"; ma=2592000,h3-Q050=\":443\"; ma=2592000,h3-Q046=\":443\"; ma=2592000,h3-Q043=\":443\"; ma=2592000,quic=\":443\"; ma=2592000; v=\"46,43\"","accept-ranges":"none","transfer-encoding":"chunked"}
[debug] [2021-03-01T15:24:28.780Z] > refreshing access token with scopes: []
[debug] [2021-03-01T15:24:28.781Z] >>> HTTP REQUEST POST https://www.googleapis.com/oauth2/v3/token  
 <request body omitted>
[debug] [2021-03-01T15:24:33.895Z] <<< HTTP RESPONSE 200 {"date":"Mon, 01 Mar 2021 15:24:31 GMT","pragma":"no-cache","expires":"Mon, 01 Jan 1990 00:00:00 GMT","cache-control":"no-cache, no-store, max-age=0, must-revalidate","content-type":"application/json; charset=utf-8","vary":"X-Origin, Referer, Origin,Accept-Encoding","server":"scaffolding on HTTPServer2","x-xss-protection":"0","x-frame-options":"SAMEORIGIN","x-content-type-options":"nosniff","alt-svc":"h3-29=\":443\"; ma=2592000,h3-T051=\":443\"; ma=2592000,h3-Q050=\":443\"; ma=2592000,h3-Q046=\":443\"; ma=2592000,h3-Q043=\":443\"; ma=2592000,quic=\":443\"; ma=2592000; v=\"46,43\"","accept-ranges":"none","transfer-encoding":"chunked"}
[debug] [2021-03-01T15:24:33.916Z] >>> [apiv2][query] GET https://firebase.googleapis.com/v1beta1/projects/tinder-clone-8e51c [none]
[debug] [2021-03-01T15:24:40.208Z] <<< [apiv2][status] GET https://firebase.googleapis.com/v1beta1/projects/tinder-clone-8e51c 200
[debug] [2021-03-01T15:24:40.210Z] <<< [apiv2][body] GET https://firebase.googleapis.com/v1beta1/projects/tinder-clone-8e51c {"projectId":"tinder-clone-8e51c","projectNumber":"826777060843","displayName":"Tinder-Clone","name":"projects/tinder-clone-8e51c","resources":{"hostingSite":"tinder-clone-8e51c"},"state":"ACTIVE"}
[info] 
[info] === Deploying to 'tinder-clone-8e51c'...
[info] 
[info] i  deploying hosting 
[debug] [2021-03-01T15:24:40.238Z] > refreshing access token with scopes: ["email","https://www.googleapis.com/auth/cloud-platform","https://www.googleapis.com/auth/cloudplatformprojects.readonly","https://www.googleapis.com/auth/firebase","openid"]
[debug] [2021-03-01T15:24:40.239Z] >>> HTTP REQUEST POST https://www.googleapis.com/oauth2/v3/token  
 <request body omitted>
[debug] [2021-03-01T15:24:43.803Z] <<< HTTP RESPONSE 200 {"expires":"Mon, 01 Jan 1990 00:00:00 GMT","date":"Mon, 01 Mar 2021 15:24:43 GMT","pragma":"no-cache","cache-control":"no-cache, no-store, max-age=0, must-revalidate","content-type":"application/json; charset=utf-8","vary":"X-Origin, Referer, Origin,Accept-Encoding","server":"scaffolding on HTTPServer2","x-xss-protection":"0","x-frame-options":"SAMEORIGIN","x-content-type-options":"nosniff","alt-svc":"h3-29=\":443\"; ma=2592000,h3-T051=\":443\"; ma=2592000,h3-Q050=\":443\"; ma=2592000,h3-Q046=\":443\"; ma=2592000,h3-Q043=\":443\"; ma=2592000,quic=\":443\"; ma=2592000; v=\"46,43\"","accept-ranges":"none","transfer-encoding":"chunked"}
[debug] [2021-03-01T15:24:43.808Z] >>> HTTP REQUEST POST https://firebasehosting.googleapis.com/v1beta1/sites/tinder-clone-8e51c/versions  
 {"config":{"rewrites":[{"glob":"**","path":"/index.html"}]},"labels":{"deployment-tool":"cli-firebase"}}
[debug] [2021-03-01T15:24:48.885Z] Error: getaddrinfo ENOTFOUND firebasehosting.googleapis.com
    at GetAddrInfoReqWrap.onlookup [as oncomplete] (dns.js:67:26)
[error] 
[error] Error: Server Error. getaddrinfo ENOTFOUND firebasehosting.googleapis.com
[debug] [2021-03-01T15:25:17.379Z] ----------------------------------------------------------------------
[debug] [2021-03-01T15:25:17.386Z] Command:       /data/data/com.termux/files/usr/bin/node /data/data/com.termux/files/usr/bin/firebase deploy
[debug] [2021-03-01T15:25:17.387Z] CLI Version:   9.3.0
[debug] [2021-03-01T15:25:17.388Z] Platform:      android
[debug] [2021-03-01T15:25:17.388Z] Node Version:  v14.15.4
[debug] [2021-03-01T15:25:17.389Z] Time:          Mon Mar 01 2021 20:55:17 GMT+0530 (India Standard Time)
[debug] [2021-03-01T15:25:17.390Z] ----------------------------------------------------------------------
[debug] [2021-03-01T15:25:17.390Z] 
[debug] [2021-03-01T15:25:17.410Z] > command requires scopes: ["email","openid","https://www.googleapis.com/auth/cloudplatformprojects.readonly","https://www.googleapis.com/auth/firebase","https://www.googleapis.com/auth/cloud-platform"]
[debug] [2021-03-01T15:25:17.411Z] > authorizing via signed-in user
[debug] [2021-03-01T15:25:17.412Z] [iam] checking project tinder-clone-8e51c for permissions ["firebase.projects.get","firebasehosting.sites.update"]
[debug] [2021-03-01T15:25:17.420Z] >>> HTTP REQUEST POST https://cloudresourcemanager.googleapis.com/v1/projects/tinder-clone-8e51c:testIamPermissions  
 {"permissions":["firebase.projects.get","firebasehosting.sites.update"]}
[debug] [2021-03-01T15:25:32.225Z] <<< HTTP RESPONSE 200 {"content-type":"application/json; charset=UTF-8","vary":"X-Origin, Referer, Origin,Accept-Encoding","date":"Mon, 01 Mar 2021 15:25:32 GMT","server":"ESF","cache-control":"private","x-xss-protection":"0","x-frame-options":"SAMEORIGIN","x-content-type-options":"nosniff","server-timing":"gfet4t7; dur=1600","alt-svc":"h3-29=\":443\"; ma=2592000,h3-T051=\":443\"; ma=2592000,h3-Q050=\":443\"; ma=2592000,h3-Q046=\":443\"; ma=2592000,h3-Q043=\":443\"; ma=2592000,quic=\":443\"; ma=2592000; v=\"46,43\"","accept-ranges":"none","transfer-encoding":"chunked"}
[debug] [2021-03-01T15:25:32.244Z] > refreshing access token with scopes: []
[debug] [2021-03-01T15:25:32.246Z] >>> HTTP REQUEST POST https://www.googleapis.com/oauth2/v3/token  
 <request body omitted>
[debug] [2021-03-01T15:25:34.212Z] <<< HTTP RESPONSE 200 {"date":"Mon, 01 Mar 2021 15:25:34 GMT","cache-control":"no-cache, no-store, max-age=0, must-revalidate","pragma":"no-cache","expires":"Mon, 01 Jan 1990 00:00:00 GMT","content-type":"application/json; charset=utf-8","vary":"X-Origin, Referer, Origin,Accept-Encoding","server":"scaffolding on HTTPServer2","x-xss-protection":"0","x-frame-options":"SAMEORIGIN","x-content-type-options":"nosniff","alt-svc":"h3-29=\":443\"; ma=2592000,h3-T051=\":443\"; ma=2592000,h3-Q050=\":443\"; ma=2592000,h3-Q046=\":443\"; ma=2592000,h3-Q043=\":443\"; ma=2592000,quic=\":443\"; ma=2592000; v=\"46,43\"","accept-ranges":"none","transfer-encoding":"chunked"}
[debug] [2021-03-01T15:25:34.265Z] >>> [apiv2][query] GET https://firebase.googleapis.com/v1beta1/projects/tinder-clone-8e51c [none]
[debug] [2021-03-01T15:25:36.855Z] <<< [apiv2][status] GET https://firebase.googleapis.com/v1beta1/projects/tinder-clone-8e51c 200
[debug] [2021-03-01T15:25:36.858Z] <<< [apiv2][body] GET https://firebase.googleapis.com/v1beta1/projects/tinder-clone-8e51c {"projectId":"tinder-clone-8e51c","projectNumber":"826777060843","displayName":"Tinder-Clone","name":"projects/tinder-clone-8e51c","resources":{"hostingSite":"tinder-clone-8e51c"},"state":"ACTIVE"}
[info] 
[info] === Deploying to 'tinder-clone-8e51c'...
[info] 
[info] i  deploying hosting 
[debug] [2021-03-01T15:25:36.897Z] > refreshing access token with scopes: ["email","https://www.googleapis.com/auth/cloud-platform","https://www.googleapis.com/auth/cloudplatformprojects.readonly","https://www.googleapis.com/auth/firebase","openid"]
[debug] [2021-03-01T15:25:36.899Z] >>> HTTP REQUEST POST https://www.googleapis.com/oauth2/v3/token  
 <request body omitted>
